c:\users\hjyeom\desktop\pearlabyss\defaultframework\client\default\x64\release\client.pch
c:\users\hjyeom\desktop\pearlabyss\defaultframework\client\default\x64\release\vc143.pdb
c:\users\hjyeom\desktop\pearlabyss\defaultframework\client\default\x64\release\stdafx.obj
c:\users\hjyeom\desktop\pearlabyss\defaultframework\client\default\x64\release\client.obj
c:\users\hjyeom\desktop\pearlabyss\defaultframework\client\default\x64\release\mainapp.obj
c:\users\hjyeom\desktop\pearlabyss\defaultframework\client\default\x64\release\level_loading.obj
c:\users\hjyeom\desktop\pearlabyss\defaultframework\client\default\x64\release\weapon.obj
c:\users\hjyeom\desktop\pearlabyss\defaultframework\client\default\x64\release\forklift.obj
c:\users\hjyeom\desktop\pearlabyss\defaultframework\client\default\x64\release\monster.obj
c:\users\hjyeom\desktop\pearlabyss\defaultframework\client\default\x64\release\player.obj
c:\users\hjyeom\desktop\pearlabyss\defaultframework\client\default\x64\release\effect.obj
c:\users\hjyeom\desktop\pearlabyss\defaultframework\client\default\x64\release\particle_blue.obj
c:\users\hjyeom\desktop\pearlabyss\defaultframework\client\default\x64\release\sky.obj
c:\users\hjyeom\desktop\pearlabyss\defaultframework\client\default\x64\release\level_gameplay.obj
c:\users\hjyeom\desktop\pearlabyss\defaultframework\client\default\x64\release\body_player.obj
c:\users\hjyeom\desktop\pearlabyss\defaultframework\client\default\x64\release\loader.obj
c:\users\hjyeom\desktop\pearlabyss\defaultframework\client\default\x64\release\camera_free.obj
c:\users\hjyeom\desktop\pearlabyss\defaultframework\client\default\x64\release\background.obj
c:\users\hjyeom\desktop\pearlabyss\defaultframework\client\default\x64\release\particle_red.obj
c:\users\hjyeom\desktop\pearlabyss\defaultframework\client\default\x64\release\terrain.obj
c:\users\hjyeom\desktop\pearlabyss\defaultframework\client\default\x64\release\level_logo.obj
c:\users\hjyeom\desktop\pearlabyss\defaultframework\client\default\x64\release\testobject.obj
c:\users\hjyeom\desktop\pearlabyss\defaultframework\client\bin\shader_vtxanimmodel.cso
c:\users\hjyeom\desktop\pearlabyss\defaultframework\client\bin\shader_vtxcube.cso
c:\users\hjyeom\desktop\pearlabyss\defaultframework\client\bin\shader_vtxinstance_point.cso
c:\users\hjyeom\desktop\pearlabyss\defaultframework\client\bin\shader_vtxinstance_rect.cso
c:\users\hjyeom\desktop\pearlabyss\defaultframework\client\bin\shader_vtxmodel.cso
c:\users\hjyeom\desktop\pearlabyss\defaultframework\client\bin\shader_vtxnortex.cso
c:\users\hjyeom\desktop\pearlabyss\defaultframework\client\bin\shader_vtxpostex.cso
c:\users\hjyeom\desktop\pearlabyss\defaultframework\client\bin\client.exe
c:\users\hjyeom\desktop\pearlabyss\defaultframework\client\bin\client.pdb
c:\users\hjyeom\desktop\pearlabyss\defaultframework\client\default\x64\release\client.res
c:\users\hjyeom\desktop\pearlabyss\defaultframework\client\default\x64\release\client.ipdb
c:\users\hjyeom\desktop\pearlabyss\defaultframework\client\default\x64\release\client.iobj
c:\users\hjyeom\desktop\pearlabyss\defaultframework\client\default\x64\release\client.tlog\cl.command.1.tlog
c:\users\hjyeom\desktop\pearlabyss\defaultframework\client\default\x64\release\client.tlog\cl.items.tlog
c:\users\hjyeom\desktop\pearlabyss\defaultframework\client\default\x64\release\client.tlog\cl.read.1.tlog
c:\users\hjyeom\desktop\pearlabyss\defaultframework\client\default\x64\release\client.tlog\cl.write.1.tlog
c:\users\hjyeom\desktop\pearlabyss\defaultframework\client\default\x64\release\client.tlog\fxc.command.1.tlog
c:\users\hjyeom\desktop\pearlabyss\defaultframework\client\default\x64\release\client.tlog\fxc.read.1.tlog
c:\users\hjyeom\desktop\pearlabyss\defaultframework\client\default\x64\release\client.tlog\fxc.write.1.tlog
c:\users\hjyeom\desktop\pearlabyss\defaultframework\client\default\x64\release\client.tlog\link.command.1.tlog
c:\users\hjyeom\desktop\pearlabyss\defaultframework\client\default\x64\release\client.tlog\link.read.1.tlog
c:\users\hjyeom\desktop\pearlabyss\defaultframework\client\default\x64\release\client.tlog\link.secondary.1.tlog
c:\users\hjyeom\desktop\pearlabyss\defaultframework\client\default\x64\release\client.tlog\link.write.1.tlog
c:\users\hjyeom\desktop\pearlabyss\defaultframework\client\default\x64\release\client.tlog\rc.command.1.tlog
c:\users\hjyeom\desktop\pearlabyss\defaultframework\client\default\x64\release\client.tlog\rc.read.1.tlog
c:\users\hjyeom\desktop\pearlabyss\defaultframework\client\default\x64\release\client.tlog\rc.write.1.tlog
