c:\users\hjyeom\desktop\pearlabyss\defaultframework\engine\default\x64\release\agent_manager.obj
c:\users\hjyeom\desktop\pearlabyss\defaultframework\engine\default\x64\release\extractor.obj
c:\users\hjyeom\desktop\pearlabyss\defaultframework\engine\default\x64\release\obstacle_manager.obj
c:\users\hjyeom\desktop\pearlabyss\defaultframework\engine\default\x64\release\voxel_manager.obj
c:\users\hjyeom\desktop\pearlabyss\defaultframework\engine\default\x64\release\imguizmo.obj
c:\users\hjyeom\desktop\pearlabyss\defaultframework\engine\default\x64\release\frustum.obj
c:\users\hjyeom\desktop\pearlabyss\defaultframework\engine\default\x64\release\pipeline.obj
c:\users\hjyeom\desktop\pearlabyss\defaultframework\engine\default\x64\release\vibuffer_instance_rect.obj
c:\users\hjyeom\desktop\pearlabyss\defaultframework\engine\default\x64\release\dummy_object.obj
c:\users\hjyeom\desktop\pearlabyss\defaultframework\engine\default\x64\release\obstacle_mesh.obj
c:\users\hjyeom\desktop\pearlabyss\defaultframework\engine\default\x64\release\vibuffer_instance_line.obj
c:\users\hjyeom\desktop\pearlabyss\defaultframework\engine\default\x64\release\imsequencer.obj
c:\users\hjyeom\desktop\pearlabyss\defaultframework\engine\default\x64\release\gameobject.obj
c:\users\hjyeom\desktop\pearlabyss\defaultframework\engine\default\x64\release\quadtree.obj
c:\users\hjyeom\desktop\pearlabyss\defaultframework\engine\default\x64\release\voxel_parser.obj
c:\users\hjyeom\desktop\pearlabyss\defaultframework\engine\default\x64\release\imgui_demo.obj
c:\users\hjyeom\desktop\pearlabyss\defaultframework\engine\default\x64\release\formation_manager.obj
c:\users\hjyeom\desktop\pearlabyss\defaultframework\engine\default\x64\release\texture.obj
c:\users\hjyeom\desktop\pearlabyss\defaultframework\engine\default\x64\release\imgui_tables.obj
c:\users\hjyeom\desktop\pearlabyss\defaultframework\engine\default\x64\release\gameinstance.obj
c:\users\hjyeom\desktop\pearlabyss\defaultframework\engine\default\x64\release\shader.obj
c:\users\hjyeom\desktop\pearlabyss\defaultframework\engine\default\x64\release\camera.obj
c:\users\hjyeom\desktop\pearlabyss\defaultframework\engine\default\x64\release\path_detour.obj
c:\users\hjyeom\desktop\pearlabyss\defaultframework\engine\default\x64\release\engine_struct.obj
c:\users\hjyeom\desktop\pearlabyss\defaultframework\engine\default\x64\release\imgradient.obj
c:\users\hjyeom\desktop\pearlabyss\defaultframework\engine\default\x64\release\formation.obj
c:\users\hjyeom\desktop\pearlabyss\defaultframework\engine\default\x64\release\path_optimizer.obj
c:\users\hjyeom\desktop\pearlabyss\defaultframework\engine\default\x64\release\voxel_sectorlayer.obj
c:\users\hjyeom\desktop\pearlabyss\defaultframework\engine\default\x64\release\boid.obj
c:\users\hjyeom\desktop\pearlabyss\defaultframework\engine\default\x64\release\pathfinder_flowfield.obj
c:\users\hjyeom\desktop\pearlabyss\defaultframework\engine\default\x64\release\boid_manager.obj
c:\users\hjyeom\desktop\pearlabyss\defaultframework\engine\default\x64\release\blendobject.obj
c:\users\hjyeom\desktop\pearlabyss\defaultframework\engine\default\x64\release\obstacle_cylinder.obj
c:\users\hjyeom\desktop\pearlabyss\defaultframework\engine\default\x64\release\voxeldebugger.obj
c:\users\hjyeom\desktop\pearlabyss\defaultframework\engine\default\x64\release\customfont.obj
c:\users\hjyeom\desktop\pearlabyss\defaultframework\engine\default\x64\release\object_manager.obj
c:\users\hjyeom\desktop\pearlabyss\defaultframework\engine\default\x64\release\vibuffer_cube.obj
c:\users\hjyeom\desktop\pearlabyss\defaultframework\engine\default\x64\release\debugdraw.obj
c:\users\hjyeom\desktop\pearlabyss\defaultframework\engine\default\x64\release\object_tool.obj
c:\users\hjyeom\desktop\pearlabyss\defaultframework\engine\default\x64\release\vibuffer_line.obj
c:\users\hjyeom\desktop\pearlabyss\defaultframework\engine\default\x64\release\grapheditor.obj
c:\users\hjyeom\desktop\pearlabyss\defaultframework\engine\default\x64\release\gui_object.obj
c:\users\hjyeom\desktop\pearlabyss\defaultframework\engine\default\x64\release\rendertarget.obj
c:\users\hjyeom\desktop\pearlabyss\defaultframework\engine\default\x64\release\component.obj
c:\users\hjyeom\desktop\pearlabyss\defaultframework\engine\default\x64\release\obstacle_tool.obj
c:\users\hjyeom\desktop\pearlabyss\defaultframework\engine\default\x64\release\voxel_convertor.obj
c:\users\hjyeom\desktop\pearlabyss\defaultframework\engine\default\x64\release\imgui_impl_dx11.obj
c:\users\hjyeom\desktop\pearlabyss\defaultframework\engine\default\x64\release\level.obj
c:\users\hjyeom\desktop\pearlabyss\defaultframework\engine\default\x64\release\timer.obj
c:\users\hjyeom\desktop\pearlabyss\defaultframework\engine\default\x64\release\bounding_sphere.obj
c:\users\hjyeom\desktop\pearlabyss\defaultframework\engine\default\x64\release\partobject.obj
c:\users\hjyeom\desktop\pearlabyss\defaultframework\engine\default\x64\release\vibuffer_instance_point.obj
c:\users\hjyeom\desktop\pearlabyss\defaultframework\engine\default\x64\release\imgui_impl_win32.obj
c:\users\hjyeom\desktop\pearlabyss\defaultframework\engine\default\x64\release\keyboard.obj
c:\users\hjyeom\desktop\pearlabyss\defaultframework\engine\default\x64\release\picking.obj
c:\users\hjyeom\desktop\pearlabyss\defaultframework\engine\default\x64\release\voxelrendercube.obj
c:\users\hjyeom\desktop\pearlabyss\defaultframework\engine\default\x64\release\channel.obj
c:\users\hjyeom\desktop\pearlabyss\defaultframework\engine\default\x64\release\obstacle_cube.obj
c:\users\hjyeom\desktop\pearlabyss\defaultframework\engine\default\x64\release\vibuffer_rect.obj
c:\users\hjyeom\desktop\pearlabyss\defaultframework\engine\default\x64\release\base.obj
c:\users\hjyeom\desktop\pearlabyss\defaultframework\engine\default\x64\release\level_manager.obj
c:\users\hjyeom\desktop\pearlabyss\defaultframework\engine\default\x64\release\timer_manager.obj
c:\users\hjyeom\desktop\pearlabyss\defaultframework\engine\default\x64\release\imgui_draw.obj
c:\users\hjyeom\desktop\pearlabyss\defaultframework\engine\default\x64\release\graphic_device.obj
c:\users\hjyeom\desktop\pearlabyss\defaultframework\engine\default\x64\release\path_rounder.obj
c:\users\hjyeom\desktop\pearlabyss\defaultframework\engine\default\x64\release\voxel_scorer.obj
c:\users\hjyeom\desktop\pearlabyss\defaultframework\engine\default\x64\release\component_manager.obj
c:\users\hjyeom\desktop\pearlabyss\defaultframework\engine\default\x64\release\obstacle.obj
c:\users\hjyeom\desktop\pearlabyss\defaultframework\engine\default\x64\release\vibuffer_instance_cube.obj
c:\users\hjyeom\desktop\pearlabyss\defaultframework\engine\default\x64\release\collider.obj
c:\users\hjyeom\desktop\pearlabyss\defaultframework\engine\default\x64\release\pathfinder_voxel.obj
c:\users\hjyeom\desktop\pearlabyss\defaultframework\engine\default\x64\release\voxelpicker.obj
c:\users\hjyeom\desktop\pearlabyss\defaultframework\engine\default\x64\release\bounding_aabb.obj
c:\users\hjyeom\desktop\pearlabyss\defaultframework\engine\default\x64\release\navigation.obj
c:\users\hjyeom\desktop\pearlabyss\defaultframework\engine\default\x64\release\voxelsector.obj
c:\users\hjyeom\desktop\pearlabyss\defaultframework\engine\default\x64\release\animation.obj
c:\users\hjyeom\desktop\pearlabyss\defaultframework\engine\default\x64\release\light.obj
c:\users\hjyeom\desktop\pearlabyss\defaultframework\engine\default\x64\release\vibuffer_instance.obj
c:\users\hjyeom\desktop\pearlabyss\defaultframework\engine\default\x64\release\bone.obj
c:\users\hjyeom\desktop\pearlabyss\defaultframework\engine\default\x64\release\light_manager.obj
c:\users\hjyeom\desktop\pearlabyss\defaultframework\engine\default\x64\release\transform.obj
c:\users\hjyeom\desktop\pearlabyss\defaultframework\engine\default\x64\release\bounding_obb.obj
c:\users\hjyeom\desktop\pearlabyss\defaultframework\engine\default\x64\release\mouse.obj
c:\users\hjyeom\desktop\pearlabyss\defaultframework\engine\default\x64\release\vibuffer.obj
c:\users\hjyeom\desktop\pearlabyss\defaultframework\engine\default\x64\release\imgui.obj
c:\users\hjyeom\desktop\pearlabyss\defaultframework\engine\default\x64\release\layer.obj
c:\users\hjyeom\desktop\pearlabyss\defaultframework\engine\default\x64\release\renderer.obj
c:\users\hjyeom\desktop\pearlabyss\defaultframework\engine\default\x64\release\voxel_tool.obj
c:\users\hjyeom\desktop\pearlabyss\defaultframework\engine\default\x64\release\camera_tool.obj
c:\users\hjyeom\desktop\pearlabyss\defaultframework\engine\default\x64\release\font_manager.obj
c:\users\hjyeom\desktop\pearlabyss\defaultframework\engine\default\x64\release\model.obj
c:\users\hjyeom\desktop\pearlabyss\defaultframework\engine\default\x64\release\vibuffer_cell.obj
c:\users\hjyeom\desktop\pearlabyss\defaultframework\engine\default\x64\release\agent.obj
c:\users\hjyeom\desktop\pearlabyss\defaultframework\engine\default\x64\release\path_manager.obj
c:\users\hjyeom\desktop\pearlabyss\defaultframework\engine\default\x64\release\imcurveedit.obj
c:\users\hjyeom\desktop\pearlabyss\defaultframework\engine\default\x64\release\imgui_manager.obj
c:\users\hjyeom\desktop\pearlabyss\defaultframework\engine\default\x64\release\scene_render_tool.obj
c:\users\hjyeom\desktop\pearlabyss\defaultframework\engine\default\x64\release\target_manager.obj
c:\users\hjyeom\desktop\pearlabyss\defaultframework\engine\default\x64\release\bounding.obj
c:\users\hjyeom\desktop\pearlabyss\defaultframework\engine\default\x64\release\mesh.obj
c:\users\hjyeom\desktop\pearlabyss\defaultframework\engine\default\x64\release\vibuffer_terrain.obj
c:\users\hjyeom\desktop\pearlabyss\defaultframework\engine\default\x64\release\imgui_widgets.obj
c:\users\hjyeom\desktop\pearlabyss\defaultframework\engine\default\x64\release\input_device.obj
c:\users\hjyeom\desktop\pearlabyss\defaultframework\engine\default\x64\release\navi_tool.obj
c:\users\hjyeom\desktop\pearlabyss\defaultframework\engine\default\x64\release\vc143.pdb
c:\users\hjyeom\desktop\pearlabyss\defaultframework\engine\bin\shader_cell.cso
c:\users\hjyeom\desktop\pearlabyss\defaultframework\engine\bin\shader_deferred.cso
c:\users\hjyeom\desktop\pearlabyss\defaultframework\engine\bin\shader_vtxcube.cso
c:\users\hjyeom\desktop\pearlabyss\defaultframework\engine\bin\shader_vtxinstance_cube.cso
c:\users\hjyeom\desktop\pearlabyss\defaultframework\engine\bin\shader_vtxinstance_line.cso
c:\users\hjyeom\desktop\pearlabyss\defaultframework\engine\bin\shader_vtxpoint_line.cso
c:\users\hjyeom\desktop\pearlabyss\defaultframework\engine\bin\engine.dll
c:\users\hjyeom\desktop\pearlabyss\defaultframework\engine\bin\engine.pdb
c:\users\hjyeom\desktop\pearlabyss\defaultframework\engine\bin\engine.lib
c:\users\hjyeom\desktop\pearlabyss\defaultframework\engine\bin\engine.exp
c:\users\hjyeom\desktop\pearlabyss\defaultframework\engine\default\x64\release\engine.ipdb
c:\users\hjyeom\desktop\pearlabyss\defaultframework\engine\default\x64\release\engine.iobj
c:\users\hjyeom\desktop\pearlabyss\defaultframework\engine\default\x64\release\engine.tlog\cl.10104.write.1.tlog
c:\users\hjyeom\desktop\pearlabyss\defaultframework\engine\default\x64\release\engine.tlog\cl.command.1.tlog
c:\users\hjyeom\desktop\pearlabyss\defaultframework\engine\default\x64\release\engine.tlog\cl.items.tlog
c:\users\hjyeom\desktop\pearlabyss\defaultframework\engine\default\x64\release\engine.tlog\cl.read.1.tlog
c:\users\hjyeom\desktop\pearlabyss\defaultframework\engine\default\x64\release\engine.tlog\fxc.command.1.tlog
c:\users\hjyeom\desktop\pearlabyss\defaultframework\engine\default\x64\release\engine.tlog\fxc.read.1.tlog
c:\users\hjyeom\desktop\pearlabyss\defaultframework\engine\default\x64\release\engine.tlog\fxc.write.1.tlog
c:\users\hjyeom\desktop\pearlabyss\defaultframework\engine\default\x64\release\engine.tlog\link.command.1.tlog
c:\users\hjyeom\desktop\pearlabyss\defaultframework\engine\default\x64\release\engine.tlog\link.read.1.tlog
c:\users\hjyeom\desktop\pearlabyss\defaultframework\engine\default\x64\release\engine.tlog\link.secondary.1.tlog
c:\users\hjyeom\desktop\pearlabyss\defaultframework\engine\default\x64\release\engine.tlog\link.write.1.tlog
