c:\users\hjyeom\desktop\pearlabyss\defaultframework\client\default\x64\debug\client.pch
c:\users\hjyeom\desktop\pearlabyss\defaultframework\client\default\x64\debug\vc143.pdb
c:\users\hjyeom\desktop\pearlabyss\defaultframework\client\default\x64\debug\vc143.idb
c:\users\hjyeom\desktop\pearlabyss\defaultframework\client\default\x64\debug\stdafx.obj
c:\users\hjyeom\desktop\pearlabyss\defaultframework\client\default\x64\debug\particle_blue.obj
c:\users\hjyeom\desktop\pearlabyss\defaultframework\client\default\x64\debug\loader.obj
c:\users\hjyeom\desktop\pearlabyss\defaultframework\client\default\x64\debug\weapon.obj
c:\users\hjyeom\desktop\pearlabyss\defaultframework\client\default\x64\debug\terrain.obj
c:\users\hjyeom\desktop\pearlabyss\defaultframework\client\default\x64\debug\camera_free.obj
c:\users\hjyeom\desktop\pearlabyss\defaultframework\client\default\x64\debug\background.obj
c:\users\hjyeom\desktop\pearlabyss\defaultframework\client\default\x64\debug\monster.obj
c:\users\hjyeom\desktop\pearlabyss\defaultframework\client\default\x64\debug\player.obj
c:\users\hjyeom\desktop\pearlabyss\defaultframework\client\default\x64\debug\sky.obj
c:\users\hjyeom\desktop\pearlabyss\defaultframework\client\default\x64\debug\level_gameplay.obj
c:\users\hjyeom\desktop\pearlabyss\defaultframework\client\default\x64\debug\body_player.obj
c:\users\hjyeom\desktop\pearlabyss\defaultframework\client\default\x64\debug\level_loading.obj
c:\users\hjyeom\desktop\pearlabyss\defaultframework\client\default\x64\debug\particle_red.obj
c:\users\hjyeom\desktop\pearlabyss\defaultframework\client\default\x64\debug\level_logo.obj
c:\users\hjyeom\desktop\pearlabyss\defaultframework\client\default\x64\debug\testobject.obj
c:\users\hjyeom\desktop\pearlabyss\defaultframework\client\default\x64\debug\forklift.obj
c:\users\hjyeom\desktop\pearlabyss\defaultframework\client\default\x64\debug\client.obj
c:\users\hjyeom\desktop\pearlabyss\defaultframework\client\default\x64\debug\effect.obj
c:\users\hjyeom\desktop\pearlabyss\defaultframework\client\default\x64\debug\mainapp.obj
c:\users\hjyeom\desktop\pearlabyss\defaultframework\client\bin\shader_vtxanimmodel.cso
c:\users\hjyeom\desktop\pearlabyss\defaultframework\client\bin\shader_vtxcube.cso
c:\users\hjyeom\desktop\pearlabyss\defaultframework\client\bin\shader_vtxinstance_point.cso
c:\users\hjyeom\desktop\pearlabyss\defaultframework\client\bin\shader_vtxinstance_rect.cso
c:\users\hjyeom\desktop\pearlabyss\defaultframework\client\bin\shader_vtxmodel.cso
c:\users\hjyeom\desktop\pearlabyss\defaultframework\client\bin\shader_vtxnortex.cso
c:\users\hjyeom\desktop\pearlabyss\defaultframework\client\bin\shader_vtxpostex.cso
c:\users\hjyeom\desktop\pearlabyss\defaultframework\client\bin\client.exe
c:\users\hjyeom\desktop\pearlabyss\defaultframework\client\bin\client.pdb
c:\users\hjyeom\desktop\pearlabyss\defaultframework\client\default\x64\debug\client.res
c:\users\hjyeom\desktop\pearlabyss\defaultframework\client\default\x64\debug\client.ilk
c:\users\hjyeom\desktop\pearlabyss\defaultframework\client\default\x64\debug\client.tlog\cl.command.1.tlog
c:\users\hjyeom\desktop\pearlabyss\defaultframework\client\default\x64\debug\client.tlog\cl.items.tlog
c:\users\hjyeom\desktop\pearlabyss\defaultframework\client\default\x64\debug\client.tlog\cl.read.1.tlog
c:\users\hjyeom\desktop\pearlabyss\defaultframework\client\default\x64\debug\client.tlog\cl.write.1.tlog
c:\users\hjyeom\desktop\pearlabyss\defaultframework\client\default\x64\debug\client.tlog\fxc.command.1.tlog
c:\users\hjyeom\desktop\pearlabyss\defaultframework\client\default\x64\debug\client.tlog\fxc.read.1.tlog
c:\users\hjyeom\desktop\pearlabyss\defaultframework\client\default\x64\debug\client.tlog\fxc.write.1.tlog
c:\users\hjyeom\desktop\pearlabyss\defaultframework\client\default\x64\debug\client.tlog\link.command.1.tlog
c:\users\hjyeom\desktop\pearlabyss\defaultframework\client\default\x64\debug\client.tlog\link.read.1.tlog
c:\users\hjyeom\desktop\pearlabyss\defaultframework\client\default\x64\debug\client.tlog\link.secondary.1.tlog
c:\users\hjyeom\desktop\pearlabyss\defaultframework\client\default\x64\debug\client.tlog\link.write.1.tlog
c:\users\hjyeom\desktop\pearlabyss\defaultframework\client\default\x64\debug\client.tlog\rc.command.1.tlog
c:\users\hjyeom\desktop\pearlabyss\defaultframework\client\default\x64\debug\client.tlog\rc.read.1.tlog
c:\users\hjyeom\desktop\pearlabyss\defaultframework\client\default\x64\debug\client.tlog\rc.write.1.tlog
