c:\users\hjyeom\desktop\pearlabyss\defaultframework\engine\default\x64\debug\boid.obj
c:\users\hjyeom\desktop\pearlabyss\defaultframework\engine\default\x64\debug\obstacle_cylinder.obj
c:\users\hjyeom\desktop\pearlabyss\defaultframework\engine\default\x64\debug\voxel_convertor.obj
c:\users\hjyeom\desktop\pearlabyss\defaultframework\engine\default\x64\debug\imsequencer.obj
c:\users\hjyeom\desktop\pearlabyss\defaultframework\engine\default\x64\debug\formation_manager.obj
c:\users\hjyeom\desktop\pearlabyss\defaultframework\engine\default\x64\debug\texture.obj
c:\users\hjyeom\desktop\pearlabyss\defaultframework\engine\default\x64\debug\imgui.obj
c:\users\hjyeom\desktop\pearlabyss\defaultframework\engine\default\x64\debug\level.obj
c:\users\hjyeom\desktop\pearlabyss\defaultframework\engine\default\x64\debug\timer.obj
c:\users\hjyeom\desktop\pearlabyss\defaultframework\engine\default\x64\debug\bounding_obb.obj
c:\users\hjyeom\desktop\pearlabyss\defaultframework\engine\default\x64\debug\mesh.obj
c:\users\hjyeom\desktop\pearlabyss\defaultframework\engine\default\x64\debug\vibuffer_instance_rect.obj
c:\users\hjyeom\desktop\pearlabyss\defaultframework\engine\default\x64\debug\camera_tool.obj
c:\users\hjyeom\desktop\pearlabyss\defaultframework\engine\default\x64\debug\extractor.obj
c:\users\hjyeom\desktop\pearlabyss\defaultframework\engine\default\x64\debug\pathfinder_flowfield.obj
c:\users\hjyeom\desktop\pearlabyss\defaultframework\engine\default\x64\debug\collider.obj
c:\users\hjyeom\desktop\pearlabyss\defaultframework\engine\default\x64\debug\partobject.obj
c:\users\hjyeom\desktop\pearlabyss\defaultframework\engine\default\x64\debug\transform.obj
c:\users\hjyeom\desktop\pearlabyss\defaultframework\engine\default\x64\debug\imgui_impl_win32.obj
c:\users\hjyeom\desktop\pearlabyss\defaultframework\engine\default\x64\debug\imgui_manager.obj
c:\users\hjyeom\desktop\pearlabyss\defaultframework\engine\default\x64\debug\target_manager.obj
c:\users\hjyeom\desktop\pearlabyss\defaultframework\engine\default\x64\debug\bounding.obj
c:\users\hjyeom\desktop\pearlabyss\defaultframework\engine\default\x64\debug\object_manager.obj
c:\users\hjyeom\desktop\pearlabyss\defaultframework\engine\default\x64\debug\vibuffer_cell.obj
c:\users\hjyeom\desktop\pearlabyss\defaultframework\engine\default\x64\debug\debugdraw.obj
c:\users\hjyeom\desktop\pearlabyss\defaultframework\engine\default\x64\debug\level_manager.obj
c:\users\hjyeom\desktop\pearlabyss\defaultframework\engine\default\x64\debug\vibuffer.obj
c:\users\hjyeom\desktop\pearlabyss\defaultframework\engine\default\x64\debug\base.obj
c:\users\hjyeom\desktop\pearlabyss\defaultframework\engine\default\x64\debug\obstacle_mesh.obj
c:\users\hjyeom\desktop\pearlabyss\defaultframework\engine\default\x64\debug\vibuffer_rect.obj
c:\users\hjyeom\desktop\pearlabyss\defaultframework\engine\default\x64\debug\bounding_sphere.obj
c:\users\hjyeom\desktop\pearlabyss\defaultframework\engine\default\x64\debug\object_tool.obj
c:\users\hjyeom\desktop\pearlabyss\defaultframework\engine\default\x64\debug\voxelpicker.obj
c:\users\hjyeom\desktop\pearlabyss\defaultframework\engine\default\x64\debug\component.obj
c:\users\hjyeom\desktop\pearlabyss\defaultframework\engine\default\x64\debug\navigation.obj
c:\users\hjyeom\desktop\pearlabyss\defaultframework\engine\default\x64\debug\vibuffer_line.obj
c:\users\hjyeom\desktop\pearlabyss\defaultframework\engine\default\x64\debug\grapheditor.obj
c:\users\hjyeom\desktop\pearlabyss\defaultframework\engine\default\x64\debug\keyboard.obj
c:\users\hjyeom\desktop\pearlabyss\defaultframework\engine\default\x64\debug\pipeline.obj
c:\users\hjyeom\desktop\pearlabyss\defaultframework\engine\default\x64\debug\voxelsector.obj
c:\users\hjyeom\desktop\pearlabyss\defaultframework\engine\default\x64\debug\bounding_aabb.obj
c:\users\hjyeom\desktop\pearlabyss\defaultframework\engine\default\x64\debug\model.obj
c:\users\hjyeom\desktop\pearlabyss\defaultframework\engine\default\x64\debug\vibuffer_instance.obj
c:\users\hjyeom\desktop\pearlabyss\defaultframework\engine\default\x64\debug\component_manager.obj
c:\users\hjyeom\desktop\pearlabyss\defaultframework\engine\default\x64\debug\pathfinder_voxel.obj
c:\users\hjyeom\desktop\pearlabyss\defaultframework\engine\default\x64\debug\voxel_scorer.obj
c:\users\hjyeom\desktop\pearlabyss\defaultframework\engine\default\x64\debug\imgui_demo.obj
c:\users\hjyeom\desktop\pearlabyss\defaultframework\engine\default\x64\debug\frustum.obj
c:\users\hjyeom\desktop\pearlabyss\defaultframework\engine\default\x64\debug\picking.obj
c:\users\hjyeom\desktop\pearlabyss\defaultframework\engine\default\x64\debug\imgui_widgets.obj
c:\users\hjyeom\desktop\pearlabyss\defaultframework\engine\default\x64\debug\gui_object.obj
c:\users\hjyeom\desktop\pearlabyss\defaultframework\engine\default\x64\debug\renderer.obj
c:\users\hjyeom\desktop\pearlabyss\defaultframework\engine\default\x64\debug\voxel_tool.obj
c:\users\hjyeom\desktop\pearlabyss\defaultframework\engine\default\x64\debug\agent_manager.obj
c:\users\hjyeom\desktop\pearlabyss\defaultframework\engine\default\x64\debug\font_manager.obj
c:\users\hjyeom\desktop\pearlabyss\defaultframework\engine\default\x64\debug\light_manager.obj
c:\users\hjyeom\desktop\pearlabyss\defaultframework\engine\default\x64\debug\timer_manager.obj
c:\users\hjyeom\desktop\pearlabyss\defaultframework\engine\default\x64\debug\imgui_tables.obj
c:\users\hjyeom\desktop\pearlabyss\defaultframework\engine\default\x64\debug\gameinstance.obj
c:\users\hjyeom\desktop\pearlabyss\defaultframework\engine\default\x64\debug\rendertarget.obj
c:\users\hjyeom\desktop\pearlabyss\defaultframework\engine\default\x64\debug\boid_manager.obj
c:\users\hjyeom\desktop\pearlabyss\defaultframework\engine\default\x64\debug\animation.obj
c:\users\hjyeom\desktop\pearlabyss\defaultframework\engine\default\x64\debug\mouse.obj
c:\users\hjyeom\desktop\pearlabyss\defaultframework\engine\default\x64\debug\vibuffer_instance_point.obj
c:\users\hjyeom\desktop\pearlabyss\defaultframework\engine\default\x64\debug\imgui_impl_dx11.obj
c:\users\hjyeom\desktop\pearlabyss\defaultframework\engine\default\x64\debug\layer.obj
c:\users\hjyeom\desktop\pearlabyss\defaultframework\engine\default\x64\debug\scene_render_tool.obj
c:\users\hjyeom\desktop\pearlabyss\defaultframework\engine\default\x64\debug\shader.obj
c:\users\hjyeom\desktop\pearlabyss\defaultframework\engine\default\x64\debug\channel.obj
c:\users\hjyeom\desktop\pearlabyss\defaultframework\engine\default\x64\debug\obstacle_manager.obj
c:\users\hjyeom\desktop\pearlabyss\defaultframework\engine\default\x64\debug\vibuffer_terrain.obj
c:\users\hjyeom\desktop\pearlabyss\defaultframework\engine\default\x64\debug\dummy_object.obj
c:\users\hjyeom\desktop\pearlabyss\defaultframework\engine\default\x64\debug\path_detour.obj
c:\users\hjyeom\desktop\pearlabyss\defaultframework\engine\default\x64\debug\voxel_sectorlayer.obj
c:\users\hjyeom\desktop\pearlabyss\defaultframework\engine\default\x64\debug\imgui_draw.obj
c:\users\hjyeom\desktop\pearlabyss\defaultframework\engine\default\x64\debug\graphic_device.obj
c:\users\hjyeom\desktop\pearlabyss\defaultframework\engine\default\x64\debug\path_rounder.obj
c:\users\hjyeom\desktop\pearlabyss\defaultframework\engine\default\x64\debug\voxel_manager.obj
c:\users\hjyeom\desktop\pearlabyss\defaultframework\engine\default\x64\debug\agent.obj
c:\users\hjyeom\desktop\pearlabyss\defaultframework\engine\default\x64\debug\obstacle_tool.obj
c:\users\hjyeom\desktop\pearlabyss\defaultframework\engine\default\x64\debug\vibuffer_instance_cube.obj
c:\users\hjyeom\desktop\pearlabyss\defaultframework\engine\default\x64\debug\imcurveedit.obj
c:\users\hjyeom\desktop\pearlabyss\defaultframework\engine\default\x64\debug\input_device.obj
c:\users\hjyeom\desktop\pearlabyss\defaultframework\engine\default\x64\debug\path_optimizer.obj
c:\users\hjyeom\desktop\pearlabyss\defaultframework\engine\default\x64\debug\voxelrendercube.obj
c:\users\hjyeom\desktop\pearlabyss\defaultframework\engine\default\x64\debug\camera.obj
c:\users\hjyeom\desktop\pearlabyss\defaultframework\engine\default\x64\debug\obstacle.obj
c:\users\hjyeom\desktop\pearlabyss\defaultframework\engine\default\x64\debug\voxeldebugger.obj
c:\users\hjyeom\desktop\pearlabyss\defaultframework\engine\default\x64\debug\imguizmo.obj
c:\users\hjyeom\desktop\pearlabyss\defaultframework\engine\default\x64\debug\gameobject.obj
c:\users\hjyeom\desktop\pearlabyss\defaultframework\engine\default\x64\debug\quadtree.obj
c:\users\hjyeom\desktop\pearlabyss\defaultframework\engine\default\x64\debug\engine_struct.obj
c:\users\hjyeom\desktop\pearlabyss\defaultframework\engine\default\x64\debug\blendobject.obj
c:\users\hjyeom\desktop\pearlabyss\defaultframework\engine\default\x64\debug\path_manager.obj
c:\users\hjyeom\desktop\pearlabyss\defaultframework\engine\default\x64\debug\voxel_parser.obj
c:\users\hjyeom\desktop\pearlabyss\defaultframework\engine\default\x64\debug\imgradient.obj
c:\users\hjyeom\desktop\pearlabyss\defaultframework\engine\default\x64\debug\formation.obj
c:\users\hjyeom\desktop\pearlabyss\defaultframework\engine\default\x64\debug\navi_tool.obj
c:\users\hjyeom\desktop\pearlabyss\defaultframework\engine\default\x64\debug\customfont.obj
c:\users\hjyeom\desktop\pearlabyss\defaultframework\engine\default\x64\debug\light.obj
c:\users\hjyeom\desktop\pearlabyss\defaultframework\engine\default\x64\debug\vibuffer_cube.obj
c:\users\hjyeom\desktop\pearlabyss\defaultframework\engine\default\x64\debug\bone.obj
c:\users\hjyeom\desktop\pearlabyss\defaultframework\engine\default\x64\debug\obstacle_cube.obj
c:\users\hjyeom\desktop\pearlabyss\defaultframework\engine\default\x64\debug\vibuffer_instance_line.obj
c:\users\hjyeom\desktop\pearlabyss\defaultframework\engine\default\x64\debug\vc143.pdb
c:\users\hjyeom\desktop\pearlabyss\defaultframework\engine\default\x64\debug\vc143.idb
c:\users\hjyeom\desktop\pearlabyss\defaultframework\engine\bin\shader_cell.cso
c:\users\hjyeom\desktop\pearlabyss\defaultframework\engine\bin\shader_deferred.cso
c:\users\hjyeom\desktop\pearlabyss\defaultframework\engine\bin\shader_vtxcube.cso
c:\users\hjyeom\desktop\pearlabyss\defaultframework\engine\bin\shader_vtxinstance_cube.cso
c:\users\hjyeom\desktop\pearlabyss\defaultframework\engine\bin\shader_vtxinstance_line.cso
c:\users\hjyeom\desktop\pearlabyss\defaultframework\engine\bin\shader_vtxpoint_line.cso
c:\users\hjyeom\desktop\pearlabyss\defaultframework\engine\bin\engine.dll
c:\users\hjyeom\desktop\pearlabyss\defaultframework\engine\bin\engine.pdb
c:\users\hjyeom\desktop\pearlabyss\defaultframework\engine\bin\engine.lib
c:\users\hjyeom\desktop\pearlabyss\defaultframework\engine\bin\engine.exp
c:\users\hjyeom\desktop\pearlabyss\defaultframework\engine\default\x64\debug\engine.ilk
c:\users\hjyeom\desktop\pearlabyss\defaultframework\engine\default\x64\debug\engine.tlog\cl.command.1.tlog
c:\users\hjyeom\desktop\pearlabyss\defaultframework\engine\default\x64\debug\engine.tlog\cl.items.tlog
c:\users\hjyeom\desktop\pearlabyss\defaultframework\engine\default\x64\debug\engine.tlog\cl.read.1.tlog
c:\users\hjyeom\desktop\pearlabyss\defaultframework\engine\default\x64\debug\engine.tlog\cl.write.1.tlog
c:\users\hjyeom\desktop\pearlabyss\defaultframework\engine\default\x64\debug\engine.tlog\fxc.command.1.tlog
c:\users\hjyeom\desktop\pearlabyss\defaultframework\engine\default\x64\debug\engine.tlog\fxc.read.1.tlog
c:\users\hjyeom\desktop\pearlabyss\defaultframework\engine\default\x64\debug\engine.tlog\fxc.write.1.tlog
c:\users\hjyeom\desktop\pearlabyss\defaultframework\engine\default\x64\debug\engine.tlog\link.command.1.tlog
c:\users\hjyeom\desktop\pearlabyss\defaultframework\engine\default\x64\debug\engine.tlog\link.read.1.tlog
c:\users\hjyeom\desktop\pearlabyss\defaultframework\engine\default\x64\debug\engine.tlog\link.secondary.1.tlog
c:\users\hjyeom\desktop\pearlabyss\defaultframework\engine\default\x64\debug\engine.tlog\link.write.1.tlog
